[2026-03-09T22:34:04.738] [DEBUG] debug-file - Incremental task entry:default@GenerateLoaderJson pre-execution cost: 1 ms .
[2026-03-09T22:34:04.738] [DEBUG] debug-file - entry : default@GenerateLoaderJson cost memory 0.4846038818359375
[2026-03-09T22:34:04.738] [INFO] debug-file - UP-TO-DATE :entry:default@GenerateLoaderJson...  
[2026-03-09T22:34:04.739] [DEBUG] debug-file - Executing task :entry:default@ProcessLibs
[2026-03-09T22:34:04.739] [DEBUG] debug-file - Incremental task entry:default@ProcessLibs pre-execution cost: 1 ms .
[2026-03-09T22:34:04.739] [DEBUG] debug-file - entry : default@ProcessLibs cost memory 0.085662841796875
[2026-03-09T22:34:04.740] [INFO] debug-file - UP-TO-DATE :entry:default@ProcessLibs...  
[2026-03-09T22:34:04.740] [DEBUG] debug-file - restool module names: entry; moduleName=entry, taskName=default@CompileResource
[2026-03-09T22:34:04.740] [DEBUG] debug-file - Executing task :entry:default@CompileResource
[2026-03-09T22:34:04.742] [DEBUG] debug-file - Incremental task entry:default@CompileResource pre-execution cost: 2 ms .
[2026-03-09T22:34:04.742] [DEBUG] debug-file - entry : default@CompileResource cost memory 0.43585205078125
[2026-03-09T22:34:04.743] [INFO] debug-file - UP-TO-DATE :entry:default@CompileResource...  
[2026-03-09T22:34:04.743] [DEBUG] debug-file - Executing task :entry:default@DoNativeStrip
[2026-03-09T22:34:04.743] [DEBUG] debug-file - Task 'entry:default@DoNativeStrip' cost while wrapping incremental declarations: 1 ms 
[2026-03-09T22:34:04.743] [DEBUG] debug-file - Incremental task entry:default@DoNativeStrip pre-execution cost: 1 ms .
[2026-03-09T22:34:04.743] [DEBUG] debug-file - entry : default@DoNativeStrip cost memory 0.0650787353515625
[2026-03-09T22:34:04.743] [INFO] debug-file - UP-TO-DATE :entry:default@DoNativeStrip...  
[2026-03-09T22:34:04.743] [DEBUG] debug-file - Executing task :entry:default@CompileArkTS
[2026-03-09T22:34:04.744] [DEBUG] debug-file - obfuscationOptions: undefined
[2026-03-09T22:34:04.746] [DEBUG] debug-file - Incremental task entry:default@CompileArkTS pre-execution cost: 2 ms .
[2026-03-09T22:34:04.746] [DEBUG] debug-file - entry : default@CompileArkTS cost memory 0.623321533203125
[2026-03-09T22:34:04.746] [INFO] debug-file - UP-TO-DATE :entry:default@CompileArkTS...  
[2026-03-09T22:34:04.746] [DEBUG] debug-file - Executing task :entry:default@BuildJS
[2026-03-09T22:34:04.747] [DEBUG] debug-file - entry : default@BuildJS cost memory 0.111175537109375
[2026-03-09T22:34:04.747] [DEBUG] debug-file - runTaskFromQueue task cost before running: 116 ms 
[2026-03-09T22:34:04.747] [INFO] debug-file - Finished :entry:default@BuildJS... after 1 ms 
[2026-03-09T22:34:04.747] [DEBUG] debug-file - Executing task :entry:default@CacheNativeLibs
[2026-03-09T22:34:04.747] [DEBUG] debug-file - Task 'entry:default@CacheNativeLibs' cost while wrapping incremental declarations: 1 ms 
[2026-03-09T22:34:04.747] [DEBUG] debug-file - Incremental task entry:default@CacheNativeLibs pre-execution cost: 1 ms .
[2026-03-09T22:34:04.747] [DEBUG] debug-file - entry : default@CacheNativeLibs cost memory 0.072021484375
[2026-03-09T22:34:04.747] [INFO] debug-file - UP-TO-DATE :entry:default@CacheNativeLibs...  
[2026-03-09T22:34:04.747] [DEBUG] debug-file - Executing task :entry:default@GeneratePkgModuleJson
[2026-03-09T22:34:04.747] [DEBUG] debug-file - File: '/Users/suzhe/Desktop/code/project/harmony/studyDemo/practiceDemo/entry/build/default/intermediates/preload/default/preload.json' from 'preloadSoJsonPath' is not exists, just ignore.
[2026-03-09T22:34:04.747] [DEBUG] debug-file - Task 'entry:default@GeneratePkgModuleJson' cost while wrapping incremental declarations: 1 ms 
[2026-03-09T22:34:04.748] [DEBUG] debug-file - Incremental task entry:default@GeneratePkgModuleJson pre-execution cost: 1 ms .
[2026-03-09T22:34:04.748] [DEBUG] debug-file - entry : default@GeneratePkgModuleJson cost memory 0.07605743408203125
[2026-03-09T22:34:04.748] [INFO] debug-file - UP-TO-DATE :entry:default@GeneratePkgModuleJson...  
[2026-03-09T22:34:04.748] [DEBUG] debug-file - Executing task :entry:default@ProcessCompiledResources
[2026-03-09T22:34:04.748] [DEBUG] debug-file - File: '/Users/suzhe/Desktop/code/project/harmony/studyDemo/practiceDemo/entry/build/default/intermediates/preload/default/preload.json' from 'preloadSoJsonPath' is not exists, just ignore.
[2026-03-09T22:34:04.748] [DEBUG] debug-file - Task 'entry:default@ProcessCompiledResources' cost while wrapping incremental declarations: 1 ms 
[2026-03-09T22:34:04.748] [DEBUG] debug-file - entry : default@ProcessCompiledResources cost memory 0.06256866455078125
[2026-03-09T22:34:04.748] [DEBUG] debug-file - runTaskFromQueue task cost before running: 117 ms 
[2026-03-09T22:34:04.748] [INFO] debug-file - Finished :entry:default@ProcessCompiledResources... after 1 ms 
[2026-03-09T22:34:04.750] [DEBUG] debug-file - Executing task :entry:default@PackageHap
[2026-03-09T22:34:04.751] [DEBUG] debug-file - Incremental task entry:default@PackageHap pre-execution cost: 1 ms .
[2026-03-09T22:34:04.751] [DEBUG] debug-file - entry : default@PackageHap cost memory 0.27829742431640625
[2026-03-09T22:34:04.751] [INFO] debug-file - UP-TO-DATE :entry:default@PackageHap...  
[2026-03-09T22:34:04.751] [DEBUG] debug-file - Executing task :entry:default@PackingCheck
[2026-03-09T22:34:04.753] [DEBUG] debug-file - entry : default@PackingCheck cost memory 0.3426666259765625
[2026-03-09T22:34:04.753] [DEBUG] debug-file - runTaskFromQueue task cost before running: 122 ms 
[2026-03-09T22:34:04.753] [INFO] debug-file - Finished :entry:default@PackingCheck... after 2 ms 
[2026-03-09T22:34:04.753] [DEBUG] debug-file - Executing task :entry:default@SignHap
[2026-03-09T22:34:04.754] [DEBUG] debug-file - Incremental task entry:default@SignHap pre-execution cost: 1 ms .
[2026-03-09T22:34:04.754] [DEBUG] debug-file - entry : default@SignHap cost memory 0.07869720458984375
[2026-03-09T22:34:04.754] [INFO] debug-file - UP-TO-DATE :entry:default@SignHap...  
[2026-03-09T22:34:04.754] [DEBUG] debug-file - Executing task :entry:default@CollectDebugSymbol
[2026-03-09T22:34:04.754] [DEBUG] debug-file - entry : default@CollectDebugSymbol cost memory 0.10298919677734375
[2026-03-09T22:34:04.754] [DEBUG] debug-file - runTaskFromQueue task cost before running: 124 ms 
[2026-03-09T22:34:04.754] [INFO] debug-file - Finished :entry:default@CollectDebugSymbol... after 1 ms 
[2026-03-09T22:34:04.754] [DEBUG] debug-file - Executing task :entry:assembleHap
[2026-03-09T22:34:04.754] [DEBUG] debug-file - entry : assembleHap cost memory 0.01334381103515625
[2026-03-09T22:34:04.754] [DEBUG] debug-file - runTaskFromQueue task cost before running: 124 ms 
[2026-03-09T22:34:04.755] [INFO] debug-file - Finished :entry:assembleHap... after 1 ms 
[2026-03-09T22:34:04.755] [INFO] debug-file - BUILD SUCCESSFUL in 124 ms 
[2026-03-09T22:34:04.755] [DEBUG] debug-file - There is no need to refresh cache, since the incremental task entry:default@PreBuild is up-to-date.
[2026-03-09T22:34:04.755] [DEBUG] debug-file - Update task entry:default@CreateModuleInfo output file:/Users/suzhe/Desktop/code/project/harmony/studyDemo/practiceDemo/entry/build/default/generated/profile/default/ModuleInfo.ts cache.
[2026-03-09T22:34:04.755] [DEBUG] debug-file - Incremental task entry:default@CreateModuleInfo post-execution cost:1 ms .
[2026-03-09T22:34:04.755] [DEBUG] debug-file - There is no need to refresh cache, since the incremental task entry:default@GenerateMetadata is up-to-date.
[2026-03-09T22:34:04.755] [DEBUG] debug-file - There is no need to refresh cache, since the incremental task entry:default@MergeProfile is up-to-date.
[2026-03-09T22:34:04.755] [DEBUG] debug-file - There is no need to refresh cache, since the incremental task entry:default@CreateBuildProfile is up-to-date.
[2026-03-09T22:34:04.755] [DEBUG] debug-file - There is no need to refresh cache, since the incremental task entry:default@GeneratePkgContextInfo is up-to-date.
[2026-03-09T22:34:04.755] [DEBUG] debug-file - Update task entry:default@ProcessIntegratedHsp output file:/Users/suzhe/Desktop/code/project/harmony/studyDemo/practiceDemo/build/cache/default/integrated_hsp/integratedHspCache.json cache.
[2026-03-09T22:34:04.755] [DEBUG] debug-file - Incremental task entry:default@ProcessIntegratedHsp post-execution cost:1 ms .
[2026-03-09T22:34:04.755] [DEBUG] debug-file - There is no need to refresh cache, since the incremental task entry:default@MakePackInfo is up-to-date.
[2026-03-09T22:34:04.755] [DEBUG] debug-file - Update task entry:default@SyscapTransform input file:/Applications/DevEco-Studio.app/Contents/sdk/default/openharmony/toolchains/syscap_tool cache by regenerate.
[2026-03-09T22:34:04.755] [DEBUG] debug-file - Update task entry:default@SyscapTransform input file:/Applications/DevEco-Studio.app/Contents/sdk/default/openharmony/ets/api/device-define cache by regenerate.
[2026-03-09T22:34:04.755] [DEBUG] debug-file - Update task entry:default@SyscapTransform output file:/Users/suzhe/Desktop/code/project/harmony/studyDemo/practiceDemo/entry/build/default/intermediates/syscap/default/rpcid.sc cache.
[2026-03-09T22:34:04.755] [DEBUG] debug-file - Incremental task entry:default@SyscapTransform post-execution cost:1 ms .
[2026-03-09T22:34:04.755] [DEBUG] debug-file - There is no need to refresh cache, since the incremental task entry:default@ProcessProfile is up-to-date.
[2026-03-09T22:34:04.755] [DEBUG] debug-file - There is no need to refresh cache, since the incremental task entry:default@ProcessRouterMap is up-to-date.
[2026-03-09T22:34:04.755] [DEBUG] debug-file - There is no need to refresh cache, since the incremental task entry:default@ProcessShareConfig is up-to-date.
[2026-03-09T22:34:04.755] [DEBUG] debug-file - Update task entry:default@ProcessStartupConfig input file:/Users/suzhe/Desktop/code/project/harmony/studyDemo/practiceDemo/entry/build/default/intermediates/loader/default/pkgContextInfo.json cache by regenerate.
[2026-03-09T22:34:04.755] [DEBUG] debug-file - Update task entry:default@ProcessStartupConfig output file:/Users/suzhe/Desktop/code/project/harmony/studyDemo/practiceDemo/entry/build/default/intermediates/startup/default/startup_config.json cache.
[2026-03-09T22:34:04.756] [DEBUG] debug-file - Incremental task entry:default@ProcessStartupConfig post-execution cost:1 ms .
[2026-03-09T22:34:04.756] [DEBUG] debug-file - There is no need to refresh cache, since the incremental task entry:default@ProcessResource is up-to-date.
[2026-03-09T22:34:04.756] [DEBUG] debug-file - There is no need to refresh cache, since the incremental task entry:default@GenerateLoaderJson is up-to-date.
[2026-03-09T22:34:04.756] [DEBUG] debug-file - There is no need to refresh cache, since the incremental task entry:default@ProcessLibs is up-to-date.
[2026-03-09T22:34:04.756] [DEBUG] debug-file - There is no need to refresh cache, since the incremental task entry:default@CompileResource is up-to-date.
[2026-03-09T22:34:04.756] [DEBUG] debug-file - There is no need to refresh cache, since the incremental task entry:default@DoNativeStrip is up-to-date.
[2026-03-09T22:34:04.756] [DEBUG] debug-file - There is no need to refresh cache, since the incremental task entry:default@CompileArkTS is up-to-date.
[2026-03-09T22:34:04.756] [DEBUG] debug-file - Update task entry:default@BuildJS input file:/Users/suzhe/Desktop/code/project/harmony/studyDemo/practiceDemo/entry/build/default/intermediates/loader/default cache by regenerate.
[2026-03-09T22:34:04.756] [DEBUG] debug-file - Update task entry:default@BuildJS input file:/Users/suzhe/Desktop/code/project/harmony/studyDemo/practiceDemo/entry/build/default/intermediates/res/default/resources/rawfile cache by regenerate.
[2026-03-09T22:34:04.756] [DEBUG] debug-file - Update task entry:default@BuildJS input file:/Users/suzhe/Desktop/code/project/harmony/studyDemo/practiceDemo/entry/build/default/intermediates/res/default/ResourceTable.txt cache by regenerate.
[2026-03-09T22:34:04.756] [DEBUG] debug-file - Update task entry:default@BuildJS input file:/Users/suzhe/Desktop/code/project/harmony/studyDemo/practiceDemo/entry/build/default/intermediates/res/default/ark_module.json cache by regenerate.
[2026-03-09T22:34:04.756] [DEBUG] debug-file - Update task entry:default@BuildJS input file:/Users/suzhe/Desktop/code/project/harmony/studyDemo/practiceDemo/entry/build/default/intermediates/res/default/resources/base/profile cache by regenerate.
[2026-03-09T22:34:04.756] [DEBUG] debug-file - Update task entry:default@BuildJS input file:/Users/suzhe/Desktop/code/project/harmony/studyDemo/practiceDemo/entry/build/default/intermediates/loader/default/pkgContextInfo.json cache by regenerate.
[2026-03-09T22:34:04.756] [DEBUG] debug-file - Update task entry:default@BuildJS output file:/Users/suzhe/Desktop/code/project/harmony/studyDemo/practiceDemo/entry/build/default/intermediates/loader_out/default/js cache.
[2026-03-09T22:34:04.756] [DEBUG] debug-file - Incremental task entry:default@BuildJS post-execution cost:1 ms .
[2026-03-09T22:34:04.756] [DEBUG] debug-file - There is no need to refresh cache, since the incremental task entry:default@CacheNativeLibs is up-to-date.
[2026-03-09T22:34:04.756] [DEBUG] debug-file - There is no need to refresh cache, since the incremental task entry:default@GeneratePkgModuleJson is up-to-date.
[2026-03-09T22:34:04.756] [DEBUG] debug-file - Incremental task entry:default@ProcessCompiledResources post-execution cost:1 ms .
[2026-03-09T22:34:04.756] [DEBUG] debug-file - There is no need to refresh cache, since the incremental task entry:default@PackageHap is up-to-date.
[2026-03-09T22:34:04.756] [DEBUG] debug-file - There is no need to refresh cache, since the incremental task entry:default@SignHap is up-to-date.
[2026-03-09T22:34:04.756] [DEBUG] debug-file - Update task entry:default@CollectDebugSymbol input file:/Users/suzhe/Desktop/code/project/harmony/studyDemo/practiceDemo/entry/build/default/intermediates/loader_out/default/ets/sourceMaps.map cache by regenerate.
[2026-03-09T22:34:04.756] [DEBUG] debug-file - Update task entry:default@CollectDebugSymbol input file:/Users/suzhe/Desktop/code/project/harmony/studyDemo/practiceDemo/entry/build/default/intermediates/libs/default cache by regenerate.
[2026-03-09T22:34:04.756] [DEBUG] debug-file - Update task entry:default@CollectDebugSymbol output file:/Users/suzhe/Desktop/code/project/harmony/studyDemo/practiceDemo/entry/build/default/outputs/default/symbol cache.
[2026-03-09T22:34:04.756] [DEBUG] debug-file - Incremental task entry:default@CollectDebugSymbol post-execution cost:1 ms .
[2026-03-09T22:34:04.762] [DEBUG] debug-file - hvigor build process will be closed.
[2026-03-09T22:34:04.807] [DEBUG] debug-file - session manager: send message to worker process.
[2026-03-09T22:34:04.807] [DEBUG] debug-file - session manager: send message to worker process.
[2026-03-09T22:34:04.807] [DEBUG] debug-file - watch worker: worker id should be larger than 0. Nothing will be sent to any worker thread.
[2026-03-09T22:34:04.807] [DEBUG] debug-file - watch worker: worker id should be larger than 0. Nothing will be sent to any worker thread.
[2026-03-09T23:01:58.520] [DEBUG] debug-file - session manager: send message to worker process.
[2026-03-09T23:01:58.544] [DEBUG] debug-file - watch worker: worker is ready to be terminated.
[2026-03-09T23:01:58.545] [DEBUG] debug-file - Server currently has 0 watch-worker
[2026-03-10T13:13:08.215] [DEBUG] debug-file - java daemon tryConnect failed Error: connect ECONNREFUSED 127.0.0.1:45050
[2026-03-10T13:13:08.224] [DEBUG] debug-file - java daemon started at port 45050 pid 41454
[2026-03-10T13:13:07.941] [DEBUG] debug-file - env: nodejsVersion=v18.20.1
[2026-03-10T13:13:07.957] [DEBUG] debug-file - env: daemon=true
[2026-03-10T13:13:07.942] [DEBUG] debug-file - env: hvigor-config.json5 content = {
  modelVersion: '5.0.5',
  dependencies: {},
  execution: {},
  logging: {},
  debugging: {},
  nodeOptions: {}
}
[2026-03-10T13:13:08.263] [DEBUG] debug-file - session manager: set active socket. socketId=MvmQVcpvoGtfNFxVAAAB
[2026-03-10T13:13:08.495] [DEBUG] debug-file - watch worker: worker id should be larger than 0. Nothing will be sent to any worker thread.
[2026-03-10T13:13:08.500] [DEBUG] debug-file - Hvigor init with startParameters:{
  hvigorfileTypeCheck: false,
  parallelExecution: true,
  incrementalExecution: true,
  printStackTrace: false,
  daemon: true,
  analyze: 0,
  logLevel: Level { level: 20000, levelStr: 'INFO', colour: 'green' },
  optimizationStrategy: 'memory',
  hotCompile: undefined,
  hotReloadBuild: undefined
}
[2026-03-10T13:13:08.504] [DEBUG] debug-file - Cache service initialization finished in 4 ms 
[2026-03-10T13:13:08.505] [DEBUG] debug-file - hvigorfile, resolving /Users/suzhe/Desktop/code/project/harmony/studyDemo/practiceDemo/hvigorfile.ts
[2026-03-10T13:13:09.380] [DEBUG] debug-file - hvigorfile, require result:  { default: { plugins: [] } }
[2026-03-10T13:13:09.381] [DEBUG] debug-file - hvigorfile, binding system plugins null
[2026-03-10T13:13:09.484] [DEBUG] debug-file - Start initialize project's product build option map with build mode debug.
[2026-03-10T13:13:09.484] [DEBUG] debug-file - Picking option from product 'default' with build mode 'debug'.
[2026-03-10T13:13:09.484] [DEBUG] debug-file - Product 'default' build option initialized
[2026-03-10T13:13:09.485] [DEBUG] debug-file - End initialize project's product build option map with build mode 'debug'.
[2026-03-10T13:13:09.485] [DEBUG] debug-file - Obtain build option for product 'default'in this build.
[2026-03-10T13:13:09.491] [DEBUG] debug-file - /Users/suzhe/Desktop/code/project/harmony/studyDemo/practiceDemo/build/cache/default/remote_hsp/remoteHspCache.json not exists.
[2026-03-10T13:13:09.493] [DEBUG] debug-file - Local scan or download HarmonyOS sdk components toolchains,ets,js,native,previewer
[2026-03-10T13:13:09.496] [DEBUG] debug-file - Local scan or download hmscore sdk components toolchains,ets,native
[2026-03-10T13:13:09.498] [DEBUG] debug-file - Start recording SDK configuration permission data.
[2026-03-10T13:13:09.518] [DEBUG] debug-file - Sdk init in 26 ms 
[2026-03-10T13:13:09.521] [DEBUG] debug-file - Project task initialization takes 2 ms 
[2026-03-10T13:13:09.521] [DEBUG] debug-file - hvigorfile, binding custom plugins []
[2026-03-10T13:13:09.521] [DEBUG] debug-file - hvigorfile, no custom plugins were found in /Users/suzhe/Desktop/code/project/harmony/studyDemo/practiceDemo/hvigorfile.ts
[2026-03-10T13:13:09.521] [DEBUG] debug-file - hvigorfile, resolve finished /Users/suzhe/Desktop/code/project/harmony/studyDemo/practiceDemo/hvigorfile.ts
[2026-03-10T13:13:09.521] [DEBUG] debug-file - hvigorfile, resolving /Users/suzhe/Desktop/code/project/harmony/studyDemo/practiceDemo/entry/hvigorfile.ts
[2026-03-10T13:13:09.525] [DEBUG] debug-file - hvigorfile, require result:  { default: { plugins: [] } }
[2026-03-10T13:13:09.525] [DEBUG] debug-file - hvigorfile, binding system plugins null
[2026-03-10T13:13:09.525] [DEBUG] debug-file - failed to load cangjie to dynamically generate schemas: Error: Cannot find module '@ohos/cangjie-build-support/index'
Require stack:
- /Applications/DevEco-Studio.app/Contents/tools/hvigor/hvigor-ohos-plugin/src/plugin/factory/plugin-factory.js
- /Applications/DevEco-Studio.app/Contents/tools/hvigor/hvigor-ohos-plugin/index.js
- /Users/suzhe/Desktop/code/project/harmony/studyDemo/practiceDemo/hvigorfile.ts
- /Applications/DevEco-Studio.app/Contents/tools/hvigor/hvigor/src/base/internal/lifecycle/configuration.js
- /Applications/DevEco-Studio.app/Contents/tools/hvigor/hvigor/src/base/boot/index.js
- /Applications/DevEco-Studio.app/Contents/tools/hvigor/hvigor/src/base/daemon/cluster/worker-process-lifecycle.js
- /Applications/DevEco-Studio.app/Contents/tools/hvigor/hvigor/src/base/daemon/process/daemon-process-boot-script.js
[2026-03-10T13:13:09.533] [DEBUG] debug-file - Start initialize module-target build option map, moduleName=entry, buildMode=debug
[2026-03-10T13:13:09.533] [DEBUG] debug-file - Target 'default' config initialized
[2026-03-10T13:13:09.533] [DEBUG] debug-file - Target 'ohosTest' config initialized
[2026-03-10T13:13:09.534] [DEBUG] debug-file - Module 'entry' target 'default' build option initialized
[2026-03-10T13:13:09.534] [DEBUG] debug-file - Module 'entry' target 'ohosTest' build option initialized
[2026-03-10T13:13:09.534] [DEBUG] debug-file - End initialize module-target build option map, moduleName=entry
[2026-03-10T13:13:09.534] [DEBUG] debug-file - Start initialize module-target build option map, moduleName=entry, buildMode=release
[2026-03-10T13:13:09.535] [DEBUG] debug-file - Target 'default' config initialized
[2026-03-10T13:13:09.535] [DEBUG] debug-file - Target 'ohosTest' config initialized
[2026-03-10T13:13:09.535] [DEBUG] debug-file - Module 'entry' target 'default' build option initialized
[2026-03-10T13:13:09.535] [DEBUG] debug-file - Module 'entry' target 'ohosTest' build option initialized
[2026-03-10T13:13:09.535] [DEBUG] debug-file - End initialize module-target build option map, moduleName=entry
[2026-03-10T13:13:09.535] [DEBUG] debug-file - Start initialize module-target build option map, moduleName=entry, buildMode=debug
[2026-03-10T13:13:09.535] [DEBUG] debug-file - Target 'default' config initialized
[2026-03-10T13:13:09.535] [DEBUG] debug-file - Target 'ohosTest' config initialized
[2026-03-10T13:13:09.535] [DEBUG] debug-file - Module 'entry' target 'default' build option initialized
[2026-03-10T13:13:09.535] [DEBUG] debug-file - Module 'entry' target 'ohosTest' build option initialized
[2026-03-10T13:13:09.535] [DEBUG] debug-file - End initialize module-target build option map, moduleName=entry
[2026-03-10T13:13:09.536] [DEBUG] debug-file - Obtain build option for module 'entry' target 'default'in this build.
[2026-03-10T13:13:09.538] [DEBUG] debug-file - Module entry task initialization takes 3 ms 
[2026-03-10T13:13:09.538] [DEBUG] debug-file - hvigorfile, binding custom plugins []
[2026-03-10T13:13:09.538] [DEBUG] debug-file - hvigorfile, no custom plugins were found in /Users/suzhe/Desktop/code/project/harmony/studyDemo/practiceDemo/entry/hvigorfile.ts
[2026-03-10T13:13:09.538] [DEBUG] debug-file - hvigorfile, resolve finished /Users/suzhe/Desktop/code/project/harmony/studyDemo/practiceDemo/entry/hvigorfile.ts
[2026-03-10T13:13:09.585] [DEBUG] debug-file - hvigorfile, resolve hvigorfile dependencies in 47 ms 
[2026-03-10T13:13:09.586] [DEBUG] debug-file - project has submodules:entry
[2026-03-10T13:13:09.587] [DEBUG] debug-file - start to load updatedOhPackageInfo to the disk
[2026-03-10T13:13:09.589] [DEBUG] debug-file - load to the disk finished
[2026-03-10T13:13:09.590] [DEBUG] debug-file - Start to initialize dependency information.
[2026-03-10T13:13:09.593] [DEBUG] debug-file - Module practiceDemo Collected Dependency: 
[2026-03-10T13:13:09.593] [DEBUG] debug-file - Module practiceDemo's total dependency: 0
[2026-03-10T13:13:09.594] [DEBUG] debug-file - Start to initialize dependency information.
[2026-03-10T13:13:09.595] [DEBUG] debug-file - Module entry Collected Dependency: 
[2026-03-10T13:13:09.595] [DEBUG] debug-file - Module entry's total dependency: 0
[2026-03-10T13:13:09.597] [DEBUG] debug-file - Configuration phase cost:1 s 93 ms 
[2026-03-10T13:13:09.598] [DEBUG] debug-file - Configuration task cost before running: 1 s 102 ms 
[2026-03-10T13:13:09.601] [DEBUG] debug-file - Executing task :entry:default@PreBuild
[2026-03-10T13:13:09.601] [DEBUG] debug-file - Task 'entry:default@PreBuild' cost while wrapping incremental declarations: 1 ms 
[2026-03-10T13:13:09.605] [DEBUG] debug-file - Incremental task entry:default@PreBuild pre-execution cost: 3 ms .
[2026-03-10T13:13:09.605] [DEBUG] debug-file - entry : default@PreBuild cost memory 0.28106689453125
[2026-03-10T13:13:09.605] [INFO] debug-file - UP-TO-DATE :entry:default@PreBuild...  
[2026-03-10T13:13:09.606] [DEBUG] debug-file - Executing task :entry:default@CreateModuleInfo
[2026-03-10T13:13:09.606] [DEBUG] debug-file - Task 'entry:default@CreateModuleInfo' cost while wrapping incremental declarations: 1 ms 
[2026-03-10T13:13:09.606] [DEBUG] debug-file - entry : default@CreateModuleInfo cost memory 0.04095458984375
[2026-03-10T13:13:09.607] [DEBUG] debug-file - runTaskFromQueue task cost before running: 1 s 110 ms 
[2026-03-10T13:13:09.607] [INFO] debug-file - Finished :entry:default@CreateModuleInfo... after 1 ms 
[2026-03-10T13:13:09.608] [DEBUG] debug-file - Executing task :entry:default@GenerateMetadata
[2026-03-10T13:13:09.608] [DEBUG] debug-file - Task 'entry:default@GenerateMetadata' cost while wrapping incremental declarations: 1 ms 
[2026-03-10T13:13:09.609] [DEBUG] debug-file - Incremental task entry:default@GenerateMetadata pre-execution cost: 1 ms .
[2026-03-10T13:13:09.609] [DEBUG] debug-file - entry : default@GenerateMetadata cost memory 0.08937835693359375
[2026-03-10T13:13:09.609] [INFO] debug-file - UP-TO-DATE :entry:default@GenerateMetadata...  
[2026-03-10T13:13:09.609] [DEBUG] debug-file - Executing task :entry:default@ConfigureCmake
[2026-03-10T13:13:09.609] [DEBUG] debug-file - entry : default@ConfigureCmake cost memory 0.016204833984375
[2026-03-10T13:13:09.609] [DEBUG] debug-file - runTaskFromQueue task cost before running: 1 s 113 ms 
[2026-03-10T13:13:09.609] [INFO] debug-file - Finished :entry:default@ConfigureCmake... after 1 ms 
[2026-03-10T13:13:09.610] [DEBUG] debug-file - Executing task :entry:default@MergeProfile
[2026-03-10T13:13:09.610] [DEBUG] debug-file - Task 'entry:default@MergeProfile' cost while wrapping incremental declarations: 1 ms 
[2026-03-10T13:13:09.611] [DEBUG] debug-file - Incremental task entry:default@MergeProfile pre-execution cost: 1 ms .
[2026-03-10T13:13:09.611] [DEBUG] debug-file - entry : default@MergeProfile cost memory 0.15158843994140625
[2026-03-10T13:13:09.611] [INFO] debug-file - UP-TO-DATE :entry:default@MergeProfile...  
[2026-03-10T13:13:09.612] [DEBUG] debug-file - Executing task :entry:default@CreateBuildProfile
[2026-03-10T13:13:09.612] [DEBUG] debug-file - Task 'entry:default@CreateBuildProfile' cost while wrapping incremental declarations: 1 ms 
[2026-03-10T13:13:09.612] [DEBUG] debug-file - Incremental task entry:default@CreateBuildProfile pre-execution cost: 1 ms .
[2026-03-10T13:13:09.612] [DEBUG] debug-file - entry : default@CreateBuildProfile cost memory 0.09165191650390625
[2026-03-10T13:13:09.612] [INFO] debug-file - UP-TO-DATE :entry:default@CreateBuildProfile...  
[2026-03-10T13:13:09.612] [DEBUG] debug-file - Executing task :entry:default@PreCheckSyscap
[2026-03-10T13:13:09.613] [DEBUG] debug-file - entry : default@PreCheckSyscap cost memory 0.01634979248046875
[2026-03-10T13:13:09.613] [DEBUG] debug-file - runTaskFromQueue task cost before running: 1 s 116 ms 
[2026-03-10T13:13:09.613] [INFO] debug-file - Finished :entry:default@PreCheckSyscap... after 1 ms 
[2026-03-10T13:13:09.613] [DEBUG] debug-file - Executing task :entry:default@GeneratePkgContextInfo
[2026-03-10T13:13:09.615] [DEBUG] debug-file - Task 'entry:default@GeneratePkgContextInfo' cost while wrapping incremental declarations: 1 ms 
[2026-03-10T13:13:09.615] [DEBUG] debug-file - Incremental task entry:default@GeneratePkgContextInfo pre-execution cost: 1 ms .
[2026-03-10T13:13:09.615] [DEBUG] debug-file - entry : default@GeneratePkgContextInfo cost memory 0.220367431640625
[2026-03-10T13:13:09.615] [INFO] debug-file - UP-TO-DATE :entry:default@GeneratePkgContextInfo...  
[2026-03-10T13:13:09.616] [DEBUG] debug-file - Executing task :entry:default@ProcessIntegratedHsp
[2026-03-10T13:13:09.616] [DEBUG] debug-file - entry:default@ProcessIntegratedHsp is not up-to-date, since the output file '/Users/suzhe/Desktop/code/project/harmony/studyDemo/practiceDemo/build/cache/default/integrated_hsp/integratedHspCache.json' does not exist.
[2026-03-10T13:13:09.616] [DEBUG] debug-file - Incremental task entry:default@ProcessIntegratedHsp pre-execution cost: 1 ms .
[2026-03-10T13:13:09.616] [DEBUG] debug-file - entry : default@ProcessIntegratedHsp cost memory 0.06597137451171875
[2026-03-10T13:13:09.616] [DEBUG] debug-file - runTaskFromQueue task cost before running: 1 s 120 ms 
[2026-03-10T13:13:09.616] [INFO] debug-file - Finished :entry:default@ProcessIntegratedHsp... after 1 ms 
[2026-03-10T13:13:09.617] [DEBUG] debug-file - Executing task :entry:default@BuildNativeWithCmake
[2026-03-10T13:13:09.617] [DEBUG] debug-file - entry : default@BuildNativeWithCmake cost memory 0.01753997802734375
[2026-03-10T13:13:09.617] [DEBUG] debug-file - runTaskFromQueue task cost before running: 1 s 120 ms 
[2026-03-10T13:13:09.617] [INFO] debug-file - Finished :entry:default@BuildNativeWithCmake... after 1 ms 
[2026-03-10T13:13:09.617] [DEBUG] debug-file - Executing task :entry:default@MakePackInfo
[2026-03-10T13:13:09.618] [DEBUG] debug-file - Incremental task entry:default@MakePackInfo pre-execution cost: 1 ms .
[2026-03-10T13:13:09.618] [DEBUG] debug-file - entry : default@MakePackInfo cost memory 0.11461639404296875
[2026-03-10T13:13:09.618] [INFO] debug-file - UP-TO-DATE :entry:default@MakePackInfo...  
[2026-03-10T13:13:09.618] [DEBUG] debug-file - Executing task :entry:default@SyscapTransform
[2026-03-10T13:13:09.619] [DEBUG] debug-file - File: '/Users/suzhe/Desktop/code/project/harmony/studyDemo/practiceDemo/entry/src/main/syscap.json' from 'sysCapJsonPath' is not exists, just ignore.
[2026-03-10T13:13:09.619] [DEBUG] debug-file - Task 'entry:default@SyscapTransform' cost while wrapping incremental declarations: 1 ms 
[2026-03-10T13:13:09.633] [DEBUG] debug-file - entry:default@SyscapTransform is not up-to-date, since the output file '/Users/suzhe/Desktop/code/project/harmony/studyDemo/practiceDemo/entry/build/default/intermediates/syscap/default/rpcid.sc' does not exist.
[2026-03-10T13:13:09.634] [DEBUG] debug-file - Incremental task entry:default@SyscapTransform pre-execution cost: 15 ms .
[2026-03-10T13:13:09.634] [DEBUG] debug-file - entry : default@SyscapTransform cost memory 0.1284637451171875
[2026-03-10T13:13:09.634] [DEBUG] debug-file - runTaskFromQueue task cost before running: 1 s 137 ms 
[2026-03-10T13:13:09.634] [INFO] debug-file - Finished :entry:default@SyscapTransform... after 16 ms 
[2026-03-10T13:13:09.635] [DEBUG] debug-file - Executing task :entry:default@ProcessProfile
[2026-03-10T13:13:09.636] [DEBUG] debug-file - Task 'entry:default@ProcessProfile' cost while wrapping incremental declarations: 1 ms 
[2026-03-10T13:13:09.636] [DEBUG] debug-file - Incremental task entry:default@ProcessProfile pre-execution cost: 1 ms .
[2026-03-10T13:13:09.636] [DEBUG] debug-file - entry : default@ProcessProfile cost memory 0.13141632080078125
[2026-03-10T13:13:09.636] [INFO] debug-file - UP-TO-DATE :entry:default@ProcessProfile...  
[2026-03-10T13:13:09.637] [DEBUG] debug-file - Executing task :entry:default@ProcessRouterMap
[2026-03-10T13:13:09.637] [DEBUG] debug-file - Incremental task entry:default@ProcessRouterMap pre-execution cost: 1 ms .
[2026-03-10T13:13:09.637] [DEBUG] debug-file - entry : default@ProcessRouterMap cost memory 0.1487579345703125
[2026-03-10T13:13:09.637] [INFO] debug-file - UP-TO-DATE :entry:default@ProcessRouterMap...  
[2026-03-10T13:13:09.638] [DEBUG] debug-file - Executing task :entry:default@ProcessShareConfig
[2026-03-10T13:13:09.638] [DEBUG] debug-file - Incremental task entry:default@ProcessShareConfig pre-execution cost: 1 ms .
[2026-03-10T13:13:09.638] [DEBUG] debug-file - entry : default@ProcessShareConfig cost memory 0.27599334716796875
[2026-03-10T13:13:09.638] [INFO] debug-file - UP-TO-DATE :entry:default@ProcessShareConfig...  
[2026-03-10T13:13:09.639] [DEBUG] debug-file - Executing task :entry:default@ProcessStartupConfig
[2026-03-10T13:13:09.639] [DEBUG] debug-file - Task 'entry:default@ProcessStartupConfig' cost while wrapping incremental declarations: 1 ms 
[2026-03-10T13:13:09.639] [DEBUG] debug-file - entry:default@ProcessStartupConfig is not up-to-date, since the output file '/Users/suzhe/Desktop/code/project/harmony/studyDemo/practiceDemo/entry/build/default/intermediates/startup/default/startup_config.json' does not exist.
[2026-03-10T13:13:09.639] [DEBUG] debug-file - Incremental task entry:default@ProcessStartupConfig pre-execution cost: 1 ms .
[2026-03-10T13:13:09.640] [DEBUG] debug-file - entry : default@ProcessStartupConfig cost memory 0.15216827392578125
[2026-03-10T13:13:09.640] [DEBUG] debug-file - runTaskFromQueue task cost before running: 1 s 143 ms 
[2026-03-10T13:13:09.640] [INFO] debug-file - Finished :entry:default@ProcessStartupConfig... after 1 ms 
[2026-03-10T13:13:09.640] [DEBUG] debug-file - Executing task :entry:default@BuildNativeWithNinja
[2026-03-10T13:13:09.641] [DEBUG] debug-file - entry : default@BuildNativeWithNinja cost memory 0.02431488037109375
[2026-03-10T13:13:09.641] [DEBUG] debug-file - runTaskFromQueue task cost before running: 1 s 144 ms 
[2026-03-10T13:13:09.641] [INFO] debug-file - Finished :entry:default@BuildNativeWithNinja... after 1 ms 
[2026-03-10T13:13:09.642] [DEBUG] debug-file - restool module names: entry; moduleName=entry, taskName=default@ProcessResource
[2026-03-10T13:13:09.643] [DEBUG] debug-file - Executing task :entry:default@ProcessResource
[2026-03-10T13:13:09.643] [DEBUG] debug-file - Task 'entry:default@ProcessResource' cost while wrapping incremental declarations: 1 ms 
[2026-03-10T13:13:09.643] [DEBUG] debug-file - Incremental task entry:default@ProcessResource pre-execution cost: 1 ms .
[2026-03-10T13:13:09.643] [DEBUG] debug-file - entry : default@ProcessResource cost memory 0.13191986083984375
[2026-03-10T13:13:09.644] [INFO] debug-file - UP-TO-DATE :entry:default@ProcessResource...  
[2026-03-10T13:13:09.647] [DEBUG] debug-file - Executing task :entry:default@GenerateLoaderJson
[2026-03-10T13:13:09.648] [DEBUG] debug-file - Task 'entry:default@GenerateLoaderJson' cost while wrapping incremental declarations: 1 ms 
[2026-03-10T13:13:09.650] [DEBUG] debug-file - Incremental task entry:default@GenerateLoaderJson pre-execution cost: 2 ms .
[2026-03-10T13:13:09.650] [DEBUG] debug-file - entry : default@GenerateLoaderJson cost memory 0.5126419067382812
[2026-03-10T13:13:09.651] [INFO] debug-file - UP-TO-DATE :entry:default@GenerateLoaderJson...  
[2026-03-10T13:13:09.652] [DEBUG] debug-file - Executing task :entry:default@ProcessLibs
[2026-03-10T13:13:09.652] [DEBUG] debug-file - Incremental task entry:default@ProcessLibs pre-execution cost: 1 ms .
[2026-03-10T13:13:09.653] [DEBUG] debug-file - entry : default@ProcessLibs cost memory 0.09430694580078125
[2026-03-10T13:13:09.653] [INFO] debug-file - UP-TO-DATE :entry:default@ProcessLibs...  
[2026-03-10T13:13:09.653] [DEBUG] debug-file - restool module names: entry; moduleName=entry, taskName=default@CompileResource
[2026-03-10T13:13:09.653] [DEBUG] debug-file - Executing task :entry:default@CompileResource
[2026-03-10T13:13:09.657] [DEBUG] debug-file - Incremental task entry:default@CompileResource pre-execution cost: 3 ms .
[2026-03-10T13:13:09.657] [DEBUG] debug-file - entry : default@CompileResource cost memory 0.5252456665039062
[2026-03-10T13:13:09.657] [INFO] debug-file - UP-TO-DATE :entry:default@CompileResource...  
[2026-03-10T13:13:09.658] [DEBUG] debug-file - Executing task :entry:default@DoNativeStrip
[2026-03-10T13:13:09.658] [DEBUG] debug-file - Task 'entry:default@DoNativeStrip' cost while wrapping incremental declarations: 1 ms 
[2026-03-10T13:13:09.658] [DEBUG] debug-file - Incremental task entry:default@DoNativeStrip pre-execution cost: 1 ms .
[2026-03-10T13:13:09.658] [DEBUG] debug-file - entry : default@DoNativeStrip cost memory 0.0717010498046875
[2026-03-10T13:13:09.658] [INFO] debug-file - UP-TO-DATE :entry:default@DoNativeStrip...  
[2026-03-10T13:13:09.659] [DEBUG] debug-file - Executing task :entry:default@CompileArkTS
[2026-03-10T13:13:09.659] [DEBUG] debug-file - obfuscationOptions: undefined
[2026-03-10T13:13:09.664] [DEBUG] debug-file - Incremental task entry:default@CompileArkTS pre-execution cost: 4 ms .
[2026-03-10T13:13:09.664] [DEBUG] debug-file - entry : default@CompileArkTS cost memory 0.70599365234375
[2026-03-10T13:13:09.664] [INFO] debug-file - UP-TO-DATE :entry:default@CompileArkTS...  
[2026-03-10T13:13:09.665] [DEBUG] debug-file - Executing task :entry:default@BuildJS
[2026-03-10T13:13:09.665] [DEBUG] debug-file - entry : default@BuildJS cost memory 0.11745452880859375
[2026-03-10T13:13:09.665] [DEBUG] debug-file - runTaskFromQueue task cost before running: 1 s 169 ms 
[2026-03-10T13:13:09.665] [INFO] debug-file - Finished :entry:default@BuildJS... after 1 ms 
[2026-03-10T13:13:09.666] [DEBUG] debug-file - Executing task :entry:default@CacheNativeLibs
[2026-03-10T13:13:09.666] [DEBUG] debug-file - Task 'entry:default@CacheNativeLibs' cost while wrapping incremental declarations: 1 ms 
[2026-03-10T13:13:09.666] [DEBUG] debug-file - Incremental task entry:default@CacheNativeLibs pre-execution cost: 1 ms .
[2026-03-10T13:13:09.667] [DEBUG] debug-file - entry : default@CacheNativeLibs cost memory 0.0809173583984375
[2026-03-10T13:13:09.667] [INFO] debug-file - UP-TO-DATE :entry:default@CacheNativeLibs...  
[2026-03-10T13:13:09.667] [DEBUG] debug-file - Executing task :entry:default@GeneratePkgModuleJson
[2026-03-10T13:13:09.667] [DEBUG] debug-file - File: '/Users/suzhe/Desktop/code/project/harmony/studyDemo/practiceDemo/entry/build/default/intermediates/preload/default/preload.json' from 'preloadSoJsonPath' is not exists, just ignore.
[2026-03-10T13:13:09.667] [DEBUG] debug-file - Task 'entry:default@GeneratePkgModuleJson' cost while wrapping incremental declarations: 1 ms 
[2026-03-10T13:13:09.667] [DEBUG] debug-file - Incremental task entry:default@GeneratePkgModuleJson pre-execution cost: 1 ms .
[2026-03-10T13:13:09.667] [DEBUG] debug-file - entry : default@GeneratePkgModuleJson cost memory 0.2113189697265625
[2026-03-10T13:13:09.667] [INFO] debug-file - UP-TO-DATE :entry:default@GeneratePkgModuleJson...  
[2026-03-10T13:13:09.667] [DEBUG] debug-file - Executing task :entry:default@ProcessCompiledResources
[2026-03-10T13:13:09.667] [DEBUG] debug-file - File: '/Users/suzhe/Desktop/code/project/harmony/studyDemo/practiceDemo/entry/build/default/intermediates/preload/default/preload.json' from 'preloadSoJsonPath' is not exists, just ignore.
[2026-03-10T13:13:09.667] [DEBUG] debug-file - Task 'entry:default@ProcessCompiledResources' cost while wrapping incremental declarations: 1 ms 
[2026-03-10T13:13:09.668] [DEBUG] debug-file - entry : default@ProcessCompiledResources cost memory 0.06522369384765625
[2026-03-10T13:13:09.668] [DEBUG] debug-file - runTaskFromQueue task cost before running: 1 s 171 ms 
[2026-03-10T13:13:09.668] [INFO] debug-file - Finished :entry:default@ProcessCompiledResources... after 1 ms 
[2026-03-10T13:13:09.668] [DEBUG] debug-file - Executing task :entry:default@PackageHap
[2026-03-10T13:13:09.670] [DEBUG] debug-file - Incremental task entry:default@PackageHap pre-execution cost: 1 ms .
[2026-03-10T13:13:09.670] [DEBUG] debug-file - entry : default@PackageHap cost memory 0.31220245361328125
[2026-03-10T13:13:09.670] [INFO] debug-file - UP-TO-DATE :entry:default@PackageHap...  
[2026-03-10T13:13:09.670] [DEBUG] debug-file - Executing task :entry:default@PackingCheck
[2026-03-10T13:13:09.673] [DEBUG] debug-file - entry : default@PackingCheck cost memory 0.33927154541015625
[2026-03-10T13:13:09.673] [DEBUG] debug-file - runTaskFromQueue task cost before running: 1 s 176 ms 
[2026-03-10T13:13:09.673] [INFO] debug-file - Finished :entry:default@PackingCheck... after 3 ms 
[2026-03-10T13:13:09.674] [DEBUG] debug-file - Executing task :entry:default@SignHap
[2026-03-10T13:13:09.675] [DEBUG] debug-file - Incremental task entry:default@SignHap pre-execution cost: 1 ms .
[2026-03-10T13:13:09.675] [DEBUG] debug-file - entry : default@SignHap cost memory 0.0883941650390625
[2026-03-10T13:13:09.675] [INFO] debug-file - UP-TO-DATE :entry:default@SignHap...  
[2026-03-10T13:13:09.675] [DEBUG] debug-file - Executing task :entry:default@CollectDebugSymbol
[2026-03-10T13:13:09.676] [DEBUG] debug-file - entry : default@CollectDebugSymbol cost memory 0.10594940185546875
[2026-03-10T13:13:09.676] [DEBUG] debug-file - runTaskFromQueue task cost before running: 1 s 179 ms 
[2026-03-10T13:13:09.676] [INFO] debug-file - Finished :entry:default@CollectDebugSymbol... after 1 ms 
[2026-03-10T13:13:09.676] [DEBUG] debug-file - Executing task :entry:assembleHap
[2026-03-10T13:13:09.676] [DEBUG] debug-file - entry : assembleHap cost memory 0.01465606689453125
[2026-03-10T13:13:09.676] [DEBUG] debug-file - runTaskFromQueue task cost before running: 1 s 179 ms 
[2026-03-10T13:13:09.676] [INFO] debug-file - Finished :entry:assembleHap... after 1 ms 
[2026-03-10T13:13:09.677] [INFO] debug-file - BUILD SUCCESSFUL in 1 s 180 ms 
[2026-03-10T13:13:09.677] [DEBUG] debug-file - There is no need to refresh cache, since the incremental task entry:default@PreBuild is up-to-date.
[2026-03-10T13:13:09.677] [DEBUG] debug-file - Update task entry:default@CreateModuleInfo output file:/Users/suzhe/Desktop/code/project/harmony/studyDemo/practiceDemo/entry/build/default/generated/profile/default/ModuleInfo.ts cache.
[2026-03-10T13:13:09.677] [DEBUG] debug-file - Incremental task entry:default@CreateModuleInfo post-execution cost:1 ms .
[2026-03-10T13:13:09.677] [DEBUG] debug-file - There is no need to refresh cache, since the incremental task entry:default@GenerateMetadata is up-to-date.
[2026-03-10T13:13:09.677] [DEBUG] debug-file - There is no need to refresh cache, since the incremental task entry:default@MergeProfile is up-to-date.
[2026-03-10T13:13:09.677] [DEBUG] debug-file - There is no need to refresh cache, since the incremental task entry:default@CreateBuildProfile is up-to-date.
[2026-03-10T13:13:09.677] [DEBUG] debug-file - There is no need to refresh cache, since the incremental task entry:default@GeneratePkgContextInfo is up-to-date.
[2026-03-10T13:13:09.677] [DEBUG] debug-file - Update task entry:default@ProcessIntegratedHsp output file:/Users/suzhe/Desktop/code/project/harmony/studyDemo/practiceDemo/build/cache/default/integrated_hsp/integratedHspCache.json cache.
[2026-03-10T13:13:09.677] [DEBUG] debug-file - Incremental task entry:default@ProcessIntegratedHsp post-execution cost:1 ms .
[2026-03-10T13:13:09.677] [DEBUG] debug-file - There is no need to refresh cache, since the incremental task entry:default@MakePackInfo is up-to-date.
[2026-03-10T13:13:09.677] [DEBUG] debug-file - Update task entry:default@SyscapTransform input file:/Applications/DevEco-Studio.app/Contents/sdk/default/openharmony/toolchains/syscap_tool cache by regenerate.
[2026-03-10T13:13:09.677] [DEBUG] debug-file - Update task entry:default@SyscapTransform input file:/Applications/DevEco-Studio.app/Contents/sdk/default/openharmony/ets/api/device-define cache by regenerate.
[2026-03-10T13:13:09.678] [DEBUG] debug-file - Update task entry:default@SyscapTransform output file:/Users/suzhe/Desktop/code/project/harmony/studyDemo/practiceDemo/entry/build/default/intermediates/syscap/default/rpcid.sc cache.
[2026-03-10T13:13:09.678] [DEBUG] debug-file - Incremental task entry:default@SyscapTransform post-execution cost:1 ms .
[2026-03-10T13:13:09.678] [DEBUG] debug-file - There is no need to refresh cache, since the incremental task entry:default@ProcessProfile is up-to-date.
[2026-03-10T13:13:09.678] [DEBUG] debug-file - There is no need to refresh cache, since the incremental task entry:default@ProcessRouterMap is up-to-date.
[2026-03-10T13:13:09.678] [DEBUG] debug-file - There is no need to refresh cache, since the incremental task entry:default@ProcessShareConfig is up-to-date.
[2026-03-10T13:13:09.678] [DEBUG] debug-file - Update task entry:default@ProcessStartupConfig input file:/Users/suzhe/Desktop/code/project/harmony/studyDemo/practiceDemo/entry/build/default/intermediates/loader/default/pkgContextInfo.json cache by regenerate.
[2026-03-10T13:13:09.678] [DEBUG] debug-file - Update task entry:default@ProcessStartupConfig output file:/Users/suzhe/Desktop/code/project/harmony/studyDemo/practiceDemo/entry/build/default/intermediates/startup/default/startup_config.json cache.
[2026-03-10T13:13:09.678] [DEBUG] debug-file - Incremental task entry:default@ProcessStartupConfig post-execution cost:1 ms .
[2026-03-10T13:13:09.678] [DEBUG] debug-file - There is no need to refresh cache, since the incremental task entry:default@ProcessResource is up-to-date.
[2026-03-10T13:13:09.678] [DEBUG] debug-file - There is no need to refresh cache, since the incremental task entry:default@GenerateLoaderJson is up-to-date.
[2026-03-10T13:13:09.678] [DEBUG] debug-file - There is no need to refresh cache, since the incremental task entry:default@ProcessLibs is up-to-date.
[2026-03-10T13:13:09.678] [DEBUG] debug-file - There is no need to refresh cache, since the incremental task entry:default@CompileResource is up-to-date.
[2026-03-10T13:13:09.678] [DEBUG] debug-file - There is no need to refresh cache, since the incremental task entry:default@DoNativeStrip is up-to-date.
[2026-03-10T13:13:09.678] [DEBUG] debug-file - There is no need to refresh cache, since the incremental task entry:default@CompileArkTS is up-to-date.
[2026-03-10T13:13:09.678] [DEBUG] debug-file - Update task entry:default@BuildJS input file:/Users/suzhe/Desktop/code/project/harmony/studyDemo/practiceDemo/entry/build/default/intermediates/loader/default cache by regenerate.
[2026-03-10T13:13:09.678] [DEBUG] debug-file - Update task entry:default@BuildJS input file:/Users/suzhe/Desktop/code/project/harmony/studyDemo/practiceDemo/entry/build/default/intermediates/res/default/resources/rawfile cache by regenerate.
[2026-03-10T13:13:09.678] [DEBUG] debug-file - Update task entry:default@BuildJS input file:/Users/suzhe/Desktop/code/project/harmony/studyDemo/practiceDemo/entry/build/default/intermediates/res/default/ResourceTable.txt cache by regenerate.
[2026-03-10T13:13:09.678] [DEBUG] debug-file - Update task entry:default@BuildJS input file:/Users/suzhe/Desktop/code/project/harmony/studyDemo/practiceDemo/entry/build/default/intermediates/res/default/ark_module.json cache by regenerate.
[2026-03-10T13:13:09.678] [DEBUG] debug-file - Update task entry:default@BuildJS input file:/Users/suzhe/Desktop/code/project/harmony/studyDemo/practiceDemo/entry/build/default/intermediates/res/default/resources/base/profile cache by regenerate.
[2026-03-10T13:13:09.678] [DEBUG] debug-file - Update task entry:default@BuildJS input file:/Users/suzhe/Desktop/code/project/harmony/studyDemo/practiceDemo/entry/build/default/intermediates/loader/default/pkgContextInfo.json cache by regenerate.
[2026-03-10T13:13:09.678] [DEBUG] debug-file - Update task entry:default@BuildJS output file:/Users/suzhe/Desktop/code/project/harmony/studyDemo/practiceDemo/entry/build/default/intermediates/loader_out/default/js cache.
[2026-03-10T13:13:09.678] [DEBUG] debug-file - Incremental task entry:default@BuildJS post-execution cost:1 ms .
[2026-03-10T13:13:09.678] [DEBUG] debug-file - There is no need to refresh cache, since the incremental task entry:default@CacheNativeLibs is up-to-date.
[2026-03-10T13:13:09.678] [DEBUG] debug-file - There is no need to refresh cache, since the incremental task entry:default@GeneratePkgModuleJson is up-to-date.
[2026-03-10T13:13:09.678] [DEBUG] debug-file - Incremental task entry:default@ProcessCompiledResources post-execution cost:1 ms .
[2026-03-10T13:13:09.678] [DEBUG] debug-file - There is no need to refresh cache, since the incremental task entry:default@PackageHap is up-to-date.
[2026-03-10T13:13:09.678] [DEBUG] debug-file - There is no need to refresh cache, since the incremental task entry:default@SignHap is up-to-date.
[2026-03-10T13:13:09.679] [DEBUG] debug-file - Update task entry:default@CollectDebugSymbol input file:/Users/suzhe/Desktop/code/project/harmony/studyDemo/practiceDemo/entry/build/default/intermediates/loader_out/default/ets/sourceMaps.map cache by regenerate.
[2026-03-10T13:13:09.679] [DEBUG] debug-file - Update task entry:default@CollectDebugSymbol input file:/Users/suzhe/Desktop/code/project/harmony/studyDemo/practiceDemo/entry/build/default/intermediates/libs/default cache by regenerate.
[2026-03-10T13:13:09.679] [DEBUG] debug-file - Update task entry:default@CollectDebugSymbol output file:/Users/suzhe/Desktop/code/project/harmony/studyDemo/practiceDemo/entry/build/default/outputs/default/symbol cache.
[2026-03-10T13:13:09.679] [DEBUG] debug-file - Incremental task entry:default@CollectDebugSymbol post-execution cost:1 ms .
[2026-03-10T13:13:09.687] [DEBUG] debug-file - Since there is no instance or instance is terminated, create a new worker pool.
[2026-03-10T13:13:09.687] [DEBUG] debug-file - Worker pool is initialized with config:  {
  minPoolNum: 2,
  maxPoolNum: undefined,
  maxCoreSize: undefined,
  cacheCapacity: undefined,
  cacheTtl: undefined
}
[2026-03-10T13:13:09.687] [DEBUG] debug-file - Create  resident worker with id: 0.
[2026-03-10T13:13:09.689] [DEBUG] debug-file - Create  resident worker with id: 1.
[2026-03-10T13:13:09.690] [DEBUG] debug-file - Cleanup worker 0.
[2026-03-10T13:13:09.690] [DEBUG] debug-file - Worker 0 has been cleaned up.
[2026-03-10T13:13:09.690] [DEBUG] debug-file - Current idle worker size: 1.
[2026-03-10T13:13:09.690] [DEBUG] debug-file - Current resident worker size: 2.
[2026-03-10T13:13:09.690] [DEBUG] debug-file - Cleanup worker 1.
[2026-03-10T13:13:09.690] [DEBUG] debug-file - Worker 1 has been cleaned up.
[2026-03-10T13:13:09.690] [DEBUG] debug-file - Current idle worker size: 0.
[2026-03-10T13:13:09.690] [DEBUG] debug-file - Current resident worker size: 2.
[2026-03-10T13:13:09.690] [DEBUG] debug-file - hvigor build process will be closed.
[2026-03-10T13:13:09.766] [DEBUG] debug-file - worker[0] exits with exit code 0.
[2026-03-10T13:13:09.766] [DEBUG] debug-file - worker[1] exits with exit code 0.
[2026-03-10T13:13:09.787] [DEBUG] debug-file - session manager: send message to worker process.
[2026-03-10T13:13:09.787] [DEBUG] debug-file - session manager: send message to worker process.
[2026-03-10T13:13:09.787] [DEBUG] debug-file - watch worker: worker id should be larger than 0. Nothing will be sent to any worker thread.
[2026-03-10T13:13:09.787] [DEBUG] debug-file - watch worker: worker id should be larger than 0. Nothing will be sent to any worker thread.
